[0m08:17:12.607483 [debug] [MainThread]: Sending event: {'category': 'dbt', 'action': 'invocation', 'label': 'start', 'context': [<snowplow_tracker.self_describing_json.SelfDescribingJson object at 0x1117ee510>, <snowplow_tracker.self_describing_json.SelfDescribingJson object at 0x1133df890>, <snowplow_tracker.self_describing_json.SelfDescribingJson object at 0x1133df9d0>]}


============================== 08:17:12.611707 | 22250caf-9f29-471c-911d-1bc0f6d32bfb ==============================
[0m08:17:12.611707 [info ] [MainThread]: Running with dbt=1.10.15
[0m08:17:12.612088 [debug] [MainThread]: running dbt with arguments {'use_colors': 'True', 'invocation_command': 'dbt init etl', 'fail_fast': 'False', 'warn_error': 'None', 'target_path': 'None', 'debug': 'False', 'write_json': 'True', 'empty': 'None', 'cache_selected_only': 'False', 'static_parser': 'True', 'log_path': 'logs', 'use_experimental_parser': 'False', 'version_check': 'True', 'quiet': 'False', 'warn_error_options': 'WarnErrorOptionsV2(error=[], warn=[], silence=[])', 'profiles_dir': '/Users/takuyakinoshita/.dbt', 'no_print': 'None', 'printer_width': '80', 'send_anonymous_usage_stats': 'True', 'partial_parse': 'True', 'log_format': 'default', 'log_cache_events': 'False', 'introspect': 'True', 'indirect_selection': 'eager'}
[0m08:17:12.622368 [info ] [MainThread]: Creating dbt configuration folder at /Users/takuyakinoshita/.dbt
[0m08:17:12.623616 [debug] [MainThread]: Starter project path: /Users/takuyakinoshita/PycharmProjects/etl-playground/.venv/lib/python3.13/site-packages/dbt/include/starter_project
[0m08:17:12.627859 [info ] [MainThread]: 
Your new dbt project "etl" was created!

For more information on how to configure the profiles.yml file,
please consult the dbt documentation here:

  https://docs.getdbt.com/docs/configure-your-profile

One more thing:

Need help? Don't hesitate to reach out to us via GitHub issues or on Slack:

  https://community.getdbt.com/

Happy modeling!

[0m08:17:12.628187 [info ] [MainThread]: Setting up your profile.
[0m08:18:02.841750 [info ] [MainThread]: Profile etl written to /Users/takuyakinoshita/.dbt/profiles.yml using target's profile_template.yml and your supplied values. Run 'dbt debug' to validate the connection.
[0m08:18:02.848036 [debug] [MainThread]: Resource report: {"command_name": "init", "command_success": true, "command_wall_clock_time": 50.420765, "process_in_blocks": "0", "process_kernel_time": 0.172484, "process_mem_max_rss": "112316416", "process_out_blocks": "0", "process_user_time": 0.874371}
[0m08:18:02.848799 [debug] [MainThread]: Command `dbt init` succeeded at 08:18:02.848616 after 50.42 seconds
[0m08:18:02.849241 [debug] [MainThread]: Sending event: {'category': 'dbt', 'action': 'invocation', 'label': 'end', 'context': [<snowplow_tracker.self_describing_json.SelfDescribingJson object at 0x1134a29e0>, <snowplow_tracker.self_describing_json.SelfDescribingJson object at 0x113551a30>, <snowplow_tracker.self_describing_json.SelfDescribingJson object at 0x11115e8b0>]}
[0m08:18:02.849681 [debug] [MainThread]: Flushing usage events
[0m08:18:04.484943 [debug] [MainThread]: An error was encountered while trying to flush usage events
[0m08:18:11.667670 [debug] [MainThread]: Sending event: {'category': 'dbt', 'action': 'invocation', 'label': 'start', 'context': [<snowplow_tracker.self_describing_json.SelfDescribingJson object at 0x1110c2510>, <snowplow_tracker.self_describing_json.SelfDescribingJson object at 0x112dbb890>, <snowplow_tracker.self_describing_json.SelfDescribingJson object at 0x112dbb9d0>]}


============================== 08:18:11.671708 | 8ac3c581-4258-42f8-8495-b10a69f238f6 ==============================
[0m08:18:11.671708 [info ] [MainThread]: Running with dbt=1.10.15
[0m08:18:11.672093 [debug] [MainThread]: running dbt with arguments {'warn_error': 'None', 'profiles_dir': '/Users/takuyakinoshita/.dbt', 'target_path': 'None', 'debug': 'False', 'partial_parse': 'True', 'fail_fast': 'False', 'invocation_command': 'dbt debug', 'version_check': 'True', 'quiet': 'False', 'introspect': 'True', 'cache_selected_only': 'False', 'log_path': 'logs', 'write_json': 'True', 'warn_error_options': 'WarnErrorOptionsV2(error=[], warn=[], silence=[])', 'send_anonymous_usage_stats': 'True', 'log_format': 'default', 'log_cache_events': 'False', 'static_parser': 'True', 'use_colors': 'True', 'empty': 'None', 'use_experimental_parser': 'False', 'no_print': 'None', 'indirect_selection': 'eager', 'printer_width': '80'}
[0m08:18:11.681388 [info ] [MainThread]: dbt version: 1.10.15
[0m08:18:11.681643 [info ] [MainThread]: python version: 3.13.3
[0m08:18:11.681793 [info ] [MainThread]: python path: /Users/takuyakinoshita/PycharmProjects/etl-playground/.venv/bin/python
[0m08:18:11.681932 [info ] [MainThread]: os info: macOS-26.2-x86_64-i386-64bit-Mach-O
[0m08:18:11.717745 [info ] [MainThread]: Using profiles dir at /Users/takuyakinoshita/.dbt
[0m08:18:11.718011 [info ] [MainThread]: Using profiles.yml file at /Users/takuyakinoshita/.dbt/profiles.yml
[0m08:18:11.718160 [info ] [MainThread]: Using dbt_project.yml file at /Users/takuyakinoshita/PycharmProjects/etl-playground/dbt_project.yml
[0m08:18:11.718485 [info ] [MainThread]: adapter type: postgres
[0m08:18:11.718628 [info ] [MainThread]: adapter version: 1.9.1
[0m08:18:11.718776 [info ] [MainThread]: Configuration:
[0m08:18:11.718909 [info ] [MainThread]:   profiles.yml file [[32mOK found and valid[0m]
[0m08:18:11.719038 [info ] [MainThread]:   dbt_project.yml file [[31mERROR not found[0m]
[0m08:18:11.719165 [info ] [MainThread]: Required dependencies:
[0m08:18:11.719350 [debug] [MainThread]: Executing "git --help"
[0m08:18:11.741808 [debug] [MainThread]: STDOUT: "b"usage: git [-v | --version] [-h | --help] [-C <path>] [-c <name>=<value>]\n           [--exec-path[=<path>]] [--html-path] [--man-path] [--info-path]\n           [-p | --paginate | -P | --no-pager] [--no-replace-objects] [--no-lazy-fetch]\n           [--no-optional-locks] [--no-advice] [--bare] [--git-dir=<path>]\n           [--work-tree=<path>] [--namespace=<name>] [--config-env=<name>=<envvar>]\n           <command> [<args>]\n\nThese are common Git commands used in various situations:\n\nstart a working area (see also: git help tutorial)\n   clone     Clone a repository into a new directory\n   init      Create an empty Git repository or reinitialize an existing one\n\nwork on the current change (see also: git help everyday)\n   add       Add file contents to the index\n   mv        Move or rename a file, a directory, or a symlink\n   restore   Restore working tree files\n   rm        Remove files from the working tree and from the index\n\nexamine the history and state (see also: git help revisions)\n   bisect    Use binary search to find the commit that introduced a bug\n   diff      Show changes between commits, commit and working tree, etc\n   grep      Print lines matching a pattern\n   log       Show commit logs\n   show      Show various types of objects\n   status    Show the working tree status\n\ngrow, mark and tweak your common history\n   branch    List, create, or delete branches\n   commit    Record changes to the repository\n   merge     Join two or more development histories together\n   rebase    Reapply commits on top of another base tip\n   reset     Reset current HEAD to the specified state\n   switch    Switch branches\n   tag       Create, list, delete or verify a tag object signed with GPG\n\ncollaborate (see also: git help workflows)\n   fetch     Download objects and refs from another repository\n   pull      Fetch from and integrate with another repository or a local branch\n   push      Update remote refs along with associated objects\n\n'git help -a' and 'git help -g' list available subcommands and some\nconcept guides. See 'git help <command>' or 'git help <concept>'\nto read about a specific subcommand or concept.\nSee 'git help git' for an overview of the system.\n""
[0m08:18:11.742533 [debug] [MainThread]: STDERR: "b''"
[0m08:18:11.742768 [info ] [MainThread]:  - git [[32mOK found[0m]

[0m08:18:11.742966 [info ] [MainThread]: Connection:
[0m08:18:11.743159 [info ] [MainThread]:   host: localhost
[0m08:18:11.743314 [info ] [MainThread]:   port: 5432
[0m08:18:11.743451 [info ] [MainThread]:   user: postgres
[0m08:18:11.743578 [info ] [MainThread]:   database: postgres
[0m08:18:11.743823 [info ] [MainThread]:   schema: public
[0m08:18:11.743959 [info ] [MainThread]:   connect_timeout: 10
[0m08:18:11.744096 [info ] [MainThread]:   role: None
[0m08:18:11.744225 [info ] [MainThread]:   search_path: None
[0m08:18:11.744355 [info ] [MainThread]:   keepalives_idle: 0
[0m08:18:11.744481 [info ] [MainThread]:   sslmode: None
[0m08:18:11.744605 [info ] [MainThread]:   sslcert: None
[0m08:18:11.744729 [info ] [MainThread]:   sslkey: None
[0m08:18:11.744851 [info ] [MainThread]:   sslrootcert: None
[0m08:18:11.744976 [info ] [MainThread]:   application_name: dbt
[0m08:18:11.745099 [info ] [MainThread]:   retries: 1
[0m08:18:11.745572 [info ] [MainThread]: Registered adapter: postgres=1.9.1
[0m08:18:11.802748 [debug] [MainThread]: Acquiring new postgres connection 'debug'
[0m08:18:11.832097 [debug] [MainThread]: Using postgres connection "debug"
[0m08:18:11.832359 [debug] [MainThread]: On debug: select 1 as id
[0m08:18:11.832516 [debug] [MainThread]: Opening a new connection, currently in state init
[0m08:18:12.029103 [debug] [MainThread]: SQL status: SELECT 1 in 0.196 seconds
[0m08:18:12.029888 [debug] [MainThread]: On debug: Close
[0m08:18:12.030111 [info ] [MainThread]:   Connection test: [[32mOK connection ok[0m]

[0m08:18:12.030309 [info ] [MainThread]: [31m1 check failed:[0m
[0m08:18:12.030467 [info ] [MainThread]: Project loading failed for the following reason:
 project path </Users/takuyakinoshita/PycharmProjects/etl-playground/dbt_project.yml> not found

[0m08:18:12.032910 [debug] [MainThread]: Resource report: {"command_name": "debug", "command_success": false, "command_wall_clock_time": 0.4350179, "process_in_blocks": "0", "process_kernel_time": 0.226024, "process_mem_max_rss": "121020416", "process_out_blocks": "0", "process_user_time": 0.924777}
[0m08:18:12.033234 [debug] [MainThread]: Command `dbt debug` failed at 08:18:12.033170 after 0.44 seconds
[0m08:18:12.033459 [debug] [MainThread]: Connection 'debug' was properly closed.
[0m08:18:12.033671 [debug] [MainThread]: Sending event: {'category': 'dbt', 'action': 'invocation', 'label': 'end', 'context': [<snowplow_tracker.self_describing_json.SelfDescribingJson object at 0x1145a1220>, <snowplow_tracker.self_describing_json.SelfDescribingJson object at 0x11464c4d0>, <snowplow_tracker.self_describing_json.SelfDescribingJson object at 0x112e7b8a0>]}
[0m08:18:12.033938 [debug] [MainThread]: Flushing usage events
[0m08:18:12.777370 [debug] [MainThread]: An error was encountered while trying to flush usage events
